<?xml version="1.0" encoding="UTF-8"?>
<testsuite xmlns:xsi="http://www.w3.org/2001/XMLSchema-instance" xsi:noNamespaceSchemaLocation="https://maven.apache.org/surefire/maven-surefire-plugin/xsd/surefire-test-report.xsd" name="edu.technischools.java.service.CalculatorTest" time="0.084" tests="3" errors="0" skipped="0" failures="0">
  <properties>
    <property name="java.specification.version" value="17"/>
    <property name="sun.cpu.isalist" value="amd64"/>
    <property name="sun.jnu.encoding" value="Cp1250"/>
    <property name="java.class.path" value="C:\Users\student\Documents\java\8_web\target\test-classes;C:\Users\student\Documents\java\8_web\target\classes;C:\Users\student\.m2\repository\org\eclipse\jetty\jetty-server\10.0.15\jetty-server-10.0.15.jar;C:\Users\student\.m2\repository\org\eclipse\jetty\toolchain\jetty-servlet-api\4.0.6\jetty-servlet-api-4.0.6.jar;C:\Users\student\.m2\repository\org\eclipse\jetty\jetty-io\10.0.15\jetty-io-10.0.15.jar;C:\Users\student\.m2\repository\org\slf4j\slf4j-api\2.0.5\slf4j-api-2.0.5.jar;C:\Users\student\.m2\repository\org\eclipse\jetty\jetty-webapp\10.0.15\jetty-webapp-10.0.15.jar;C:\Users\student\.m2\repository\org\eclipse\jetty\jetty-servlet\10.0.15\jetty-servlet-10.0.15.jar;C:\Users\student\.m2\repository\org\eclipse\jetty\jetty-security\10.0.15\jetty-security-10.0.15.jar;C:\Users\student\.m2\repository\org\eclipse\jetty\jetty-xml\10.0.15\jetty-xml-10.0.15.jar;C:\Users\student\.m2\repository\org\eclipse\jetty\jetty-servlets\10.0.15\jetty-servlets-10.0.15.jar;C:\Users\student\.m2\repository\org\eclipse\jetty\jetty-util\10.0.15\jetty-util-10.0.15.jar;C:\Users\student\.m2\repository\org\eclipse\jetty\jetty-http\10.0.15\jetty-http-10.0.15.jar;C:\Users\student\.m2\repository\com\fasterxml\jackson\core\jackson-core\2.13.3\jackson-core-2.13.3.jar;C:\Users\student\.m2\repository\com\fasterxml\jackson\core\jackson-databind\2.13.3\jackson-databind-2.13.3.jar;C:\Users\student\.m2\repository\com\fasterxml\jackson\core\jackson-annotations\2.13.3\jackson-annotations-2.13.3.jar;C:\Users\student\.m2\repository\junit\junit\4.13.1\junit-4.13.1.jar;C:\Users\student\.m2\repository\org\hamcrest\hamcrest-core\1.3\hamcrest-core-1.3.jar;"/>
    <property name="java.vm.vendor" value="Oracle Corporation"/>
    <property name="sun.arch.data.model" value="64"/>
    <property name="user.variant" value=""/>
    <property name="java.vendor.url" value="https://java.oracle.com/"/>
    <property name="user.timezone" value="Europe/Warsaw"/>
    <property name="os.name" value="Windows 10"/>
    <property name="java.vm.specification.version" value="17"/>
    <property name="sun.java.launcher" value="SUN_STANDARD"/>
    <property name="user.country" value="UA"/>
    <property name="sun.boot.library.path" value="C:\Program Files\Java\jdk-17.0.4.1\bin"/>
    <property name="sun.java.command" value="C:\Users\student\AppData\Local\Temp\surefire11640323380486145407\surefirebooter3219815840999419419.jar C:\Users\student\AppData\Local\Temp\surefire11640323380486145407 2023-05-31T10-02-51_970-jvmRun1 surefire10414888058460534721tmp surefire_017516305819438506376tmp"/>
    <property name="jdk.debug" value="release"/>
    <property name="surefire.test.class.path" value="C:\Users\student\Documents\java\8_web\target\test-classes;C:\Users\student\Documents\java\8_web\target\classes;C:\Users\student\.m2\repository\org\eclipse\jetty\jetty-server\10.0.15\jetty-server-10.0.15.jar;C:\Users\student\.m2\repository\org\eclipse\jetty\toolchain\jetty-servlet-api\4.0.6\jetty-servlet-api-4.0.6.jar;C:\Users\student\.m2\repository\org\eclipse\jetty\jetty-io\10.0.15\jetty-io-10.0.15.jar;C:\Users\student\.m2\repository\org\slf4j\slf4j-api\2.0.5\slf4j-api-2.0.5.jar;C:\Users\student\.m2\repository\org\eclipse\jetty\jetty-webapp\10.0.15\jetty-webapp-10.0.15.jar;C:\Users\student\.m2\repository\org\eclipse\jetty\jetty-servlet\10.0.15\jetty-servlet-10.0.15.jar;C:\Users\student\.m2\repository\org\eclipse\jetty\jetty-security\10.0.15\jetty-security-10.0.15.jar;C:\Users\student\.m2\repository\org\eclipse\jetty\jetty-xml\10.0.15\jetty-xml-10.0.15.jar;C:\Users\student\.m2\repository\org\eclipse\jetty\jetty-servlets\10.0.15\jetty-servlets-10.0.15.jar;C:\Users\student\.m2\repository\org\eclipse\jetty\jetty-util\10.0.15\jetty-util-10.0.15.jar;C:\Users\student\.m2\repository\org\eclipse\jetty\jetty-http\10.0.15\jetty-http-10.0.15.jar;C:\Users\student\.m2\repository\com\fasterxml\jackson\core\jackson-core\2.13.3\jackson-core-2.13.3.jar;C:\Users\student\.m2\repository\com\fasterxml\jackson\core\jackson-databind\2.13.3\jackson-databind-2.13.3.jar;C:\Users\student\.m2\repository\com\fasterxml\jackson\core\jackson-annotations\2.13.3\jackson-annotations-2.13.3.jar;C:\Users\student\.m2\repository\junit\junit\4.13.1\junit-4.13.1.jar;C:\Users\student\.m2\repository\org\hamcrest\hamcrest-core\1.3\hamcrest-core-1.3.jar;"/>
    <property name="sun.cpu.endian" value="little"/>
    <property name="user.home" value="C:\Users\student"/>
    <property name="user.language" value="uk"/>
    <property name="java.specification.vendor" value="Oracle Corporation"/>
    <property name="java.version.date" value="2022-08-18"/>
    <property name="java.home" value="C:\Program Files\Java\jdk-17.0.4.1"/>
    <property name="file.separator" value="\"/>
    <property name="basedir" value="C:\Users\student\Documents\java\8_web"/>
    <property name="java.vm.compressedOopsMode" value="Zero based"/>
    <property name="line.separator" value="&#10;"/>
    <property name="java.vm.specification.vendor" value="Oracle Corporation"/>
    <property name="java.specification.name" value="Java Platform API Specification"/>
    <property name="surefire.real.class.path" value="C:\Users\student\AppData\Local\Temp\surefire11640323380486145407\surefirebooter3219815840999419419.jar"/>
    <property name="user.script" value=""/>
    <property name="sun.management.compiler" value="HotSpot 64-Bit Tiered Compilers"/>
    <property name="java.runtime.version" value="17.0.4.1+1-LTS-2"/>
    <property name="user.name" value="student"/>
    <property name="path.separator" value=";"/>
    <property name="os.version" value="10.0"/>
    <property name="java.runtime.name" value="Java(TM) SE Runtime Environment"/>
    <property name="file.encoding" value="Cp1250"/>
    <property name="java.vm.name" value="Java HotSpot(TM) 64-Bit Server VM"/>
    <property name="localRepository" value="C:\Users\student\.m2\repository"/>
    <property name="java.vendor.url.bug" value="https://bugreport.java.com/bugreport/"/>
    <property name="java.io.tmpdir" value="C:\Users\student\AppData\Local\Temp\"/>
    <property name="idea.version" value="2022.1.2"/>
    <property name="java.version" value="17.0.4.1"/>
    <property name="user.dir" value="C:\Users\student\Documents\java\8_web"/>
    <property name="os.arch" value="amd64"/>
    <property name="java.vm.specification.name" value="Java Virtual Machine Specification"/>
    <property name="sun.os.patch.level" value=""/>
    <property name="native.encoding" value="Cp1250"/>
    <property name="java.library.path" value="C:\Program Files\Java\jdk-17.0.4.1\bin;C:\WINDOWS\Sun\Java\bin;C:\WINDOWS\system32;C:\WINDOWS;C:\Python39\Scripts\;C:\Python39\;C:\WINDOWS\system32;C:\WINDOWS;C:\WINDOWS\System32\Wbem;C:\WINDOWS\System32\WindowsPowerShell\v1.0\;C:\WINDOWS\System32\OpenSSH\;C:\Program Files\Microsoft SQL Server\Client SDK\ODBC\170\Tools\Binn\;C:\Program Files (x86)\Microsoft SQL Server\150\Tools\Binn\;C:\Program Files\Microsoft SQL Server\150\Tools\Binn\;C:\Program Files\Microsoft SQL Server\150\DTS\Binn\;C:\Program Files (x86)\Microsoft SQL Server\150\DTS\Binn\;C:\Program Files\nodejs\;C:\ProgramData\chocolatey\bin;C:\Program Files\Java\jdk-17.0.4.1\bin;C:\Program Files\Docker\Docker\resources\bin;C:\Program Files\MySQL\MySQL Shell 8.0\bin\;C:\Users\student\AppData\Local\Microsoft\WindowsApps;C:\Users\student\AppData\Local\Programs\Microsoft VS Code\bin;C:\Users\student\AppData\Roaming\npm;C:\Program Files (x86)\Nmap;."/>
    <property name="java.vm.info" value="mixed mode, sharing"/>
    <property name="java.vendor" value="Oracle Corporation"/>
    <property name="java.vm.version" value="17.0.4.1+1-LTS-2"/>
    <property name="sun.io.unicode.encoding" value="UnicodeLittle"/>
    <property name="java.class.version" value="61.0"/>
  </properties>
  <testcase name="compute_Addition" classname="edu.technischools.java.service.CalculatorTest" time="0.004"/>
  <testcase name="compute_InvalidOperation" classname="edu.technischools.java.service.CalculatorTest" time="0.002"/>
  <testcase name="compute_DivisionByZero" classname="edu.technischools.java.service.CalculatorTest" time="0.001"/>
</testsuite>